2022-12-22 22:53:38,722 INFO o.a.j.u.JMeterUtils: Setting Locale to en_EN
2022-12-22 22:53:38,739 INFO o.a.j.JMeter: Loading user properties from: D:\KERJA\Belajar\Binar Bootcamp\praktikum\Jmeter\Final-Project-jmeter\apache-jmeter-5.5\bin\user.properties
2022-12-22 22:53:38,739 INFO o.a.j.JMeter: Loading system properties from: D:\KERJA\Belajar\Binar Bootcamp\praktikum\Jmeter\Final-Project-jmeter\apache-jmeter-5.5\bin\system.properties
2022-12-22 22:53:38,746 INFO o.a.j.JMeter: Copyright (c) 1998-2022 The Apache Software Foundation
2022-12-22 22:53:38,746 INFO o.a.j.JMeter: Version 5.5
2022-12-22 22:53:38,746 INFO o.a.j.JMeter: java.version=1.8.0_351
2022-12-22 22:53:38,746 INFO o.a.j.JMeter: java.vm.name=Java HotSpot(TM) Client VM
2022-12-22 22:53:38,746 INFO o.a.j.JMeter: os.name=Windows 11
2022-12-22 22:53:38,746 INFO o.a.j.JMeter: os.arch=x86
2022-12-22 22:53:38,746 INFO o.a.j.JMeter: os.version=10.0
2022-12-22 22:53:38,746 INFO o.a.j.JMeter: file.encoding=Cp1252
2022-12-22 22:53:38,746 INFO o.a.j.JMeter: java.awt.headless=true
2022-12-22 22:53:38,746 INFO o.a.j.JMeter: Max memory     =1073741824
2022-12-22 22:53:38,746 INFO o.a.j.JMeter: Available Processors =4
2022-12-22 22:53:38,746 INFO o.a.j.JMeter: Default Locale=English (EN)
2022-12-22 22:53:38,746 INFO o.a.j.JMeter: JMeter  Locale=English (EN)
2022-12-22 22:53:38,746 INFO o.a.j.JMeter: JMeterHome=D:\KERJA\Belajar\Binar Bootcamp\praktikum\Jmeter\Final-Project-jmeter\apache-jmeter-5.5
2022-12-22 22:53:38,746 INFO o.a.j.JMeter: user.dir  =D:\KERJA\Belajar\Binar Bootcamp\praktikum\Jmeter\Final-Project-jmeter
2022-12-22 22:53:38,746 INFO o.a.j.JMeter: PWD       =D:\KERJA\Belajar\Binar Bootcamp\praktikum\Jmeter\Final-Project-jmeter
2022-12-22 22:53:38,746 INFO o.a.j.JMeter: IP: 192.168.139.89 Name: Bundreng-PC FullName: Bundreng-PC
2022-12-22 22:53:38,761 INFO o.a.j.JMeter: Setting property 'jmeter.reportgenerator.outputdir' to:'D:\KERJA\Belajar\Binar Bootcamp\praktikum\Jmeter\Final-Project-jmeter\report'
2022-12-22 22:53:38,761 INFO o.a.j.s.FileServer: Default base='D:\KERJA\Belajar\Binar Bootcamp\praktikum\Jmeter\Final-Project-jmeter'
2022-12-22 22:53:38,761 INFO o.a.j.s.FileServer: Set new base='D:\KERJA\Belajar\Binar Bootcamp\praktikum\Jmeter\Final-Project-jmeter\runner'
2022-12-22 22:53:38,848 INFO o.a.j.s.SaveService: Testplan (JMX) version: 2.2. Testlog (JTL) version: 2.2
2022-12-22 22:53:38,864 INFO o.a.j.s.SaveService: Using SaveService properties file encoding UTF-8
2022-12-22 22:53:38,864 INFO o.a.j.s.SaveService: Using SaveService properties version 5.0
2022-12-22 22:53:38,864 INFO o.a.j.s.SaveService: Loading file: runner\market-final.jmx
2022-12-22 22:53:38,919 INFO o.a.j.p.h.s.HTTPSamplerBase: Parser for text/html is org.apache.jmeter.protocol.http.parser.LagartoBasedHtmlParser
2022-12-22 22:53:38,919 INFO o.a.j.p.h.s.HTTPSamplerBase: Parser for application/xhtml+xml is org.apache.jmeter.protocol.http.parser.LagartoBasedHtmlParser
2022-12-22 22:53:38,919 INFO o.a.j.p.h.s.HTTPSamplerBase: Parser for application/xml is org.apache.jmeter.protocol.http.parser.LagartoBasedHtmlParser
2022-12-22 22:53:38,919 INFO o.a.j.p.h.s.HTTPSamplerBase: Parser for text/xml is org.apache.jmeter.protocol.http.parser.LagartoBasedHtmlParser
2022-12-22 22:53:38,919 INFO o.a.j.p.h.s.HTTPSamplerBase: Parser for text/vnd.wap.wml is org.apache.jmeter.protocol.http.parser.RegexpHTMLParser
2022-12-22 22:53:38,919 INFO o.a.j.p.h.s.HTTPSamplerBase: Parser for text/css is org.apache.jmeter.protocol.http.parser.CssParser
2022-12-22 22:53:39,125 INFO o.a.j.JMeter: Creating summariser <summary>
2022-12-22 22:53:39,125 INFO o.a.j.r.d.ReportGenerator: ReportGenerator will use for Parsing the separator: ','
2022-12-22 22:53:39,125 INFO o.a.j.r.d.ReportGenerator: Will generate report at end of test from  results file: testlog.log
2022-12-22 22:53:39,125 INFO o.a.j.r.d.ReportGenerator: Reading report generator properties from: D:\KERJA\Belajar\Binar Bootcamp\praktikum\Jmeter\Final-Project-jmeter\apache-jmeter-5.5\bin\reportgenerator.properties
2022-12-22 22:53:39,149 INFO o.a.j.r.d.ReportGenerator: Merging with JMeter properties
2022-12-22 22:53:39,149 INFO o.a.j.r.c.ReportGeneratorConfiguration: Property 'jmeter.reportgenerator.temp_dir' not found, using default value 'temp' instead.
2022-12-22 22:53:39,157 INFO o.a.j2022-12-22 22:55:58,585 INFO o.a.j.e.StandardJMeterEngine: Running the test!
2022-12-22 22:55:58,585 INFO o.a.j.s.SampleEvent: List of sample_variables: []
2022-12-22 22:55:58,585 INFO o.a.j.s.SampleEvent: List of sample_variables: []
2022-12-22 22:55:58,585 INFO o.a.j.e.u.CompoundVariable: Note: Function class names must contain the string: '.functions.'
2022-12-22 22:55:58,585 INFO o.a.j.e.u.CompoundVariable: Note: Function class names must not contain the string: '.gui.'
2022-12-22 22:55:58,766 INFO o.a.j.g.u.JMeterMenuBar: setRunning(true, *local*)
2022-12-22 22:55:58,822 INFO o.a.j.e.StandardJMeterEngine: Starting ThreadGroup: 1 : NormalTest
2022-12-22 22:55:58,822 INFO o.a.j.e.StandardJMeterEngine: Starting 10 threads for group NormalTest.
2022-12-22 22:55:58,822 INFO o.a.j.e.StandardJMeterEngine: Thread will continue on error
2022-12-22 22:55:58,822 INFO o.a.j.t.ThreadGroup: Starting thread group... number=1 threads=10 ramp-up=1 delayedStart=false
2022-12-22 22:55:58,830 INFO o.a.j.t.JMeterThread: Thread started: NormalTest 1-1
2022-12-22 22:55:58,845 INFO o.a.j.t.ThreadGroup: Started thread group number 1
2022-12-22 22:55:58,845 INFO o.a.j.e.StandardJMeterEngine: All thread groups have been started
2022-12-22 22:55:58,848 INFO o.a.j.p.h.s.HTTPHCAbstractImpl: Local host = Bundreng-PC
2022-12-22 22:55:58,854 INFO o.a.j.p.h.s.HTTPHC4Impl: HTTP request retry count = 0
2022-12-22 22:55:58,900 INFO o.a.j.p.h.s.HTTPHC4Impl: Content-Header is set already on the request! Will be replaced by a Multipart-Header. Old headers: [Content-Type: application/json]
2022-12-22 22:55:58,930 INFO o.a.j.t.JMeterThread: Thread started: NormalTest 1-2
2022-12-22 22:55:58,932 INFO o.a.j.p.h.s.HTTPHC4Impl: Content-Header is set already on the request! Will be replaced by a Multipart-Header. Old headers: [Content-Type: application/json]
2022-12-22 22:55:59,031 INFO o.a.j.t.JMeterThread: Thread started: NormalTest 1-3
2022-12-22 22:55:59,032 INFO o.a.j.p.h.s.HTTPHC4Impl: Content-Header is set already on the request! Will be replaced by a Multipart-Header. Old headers: [Content-Type: application/json]
2022-12-22 22:55:59,128 INFO o.a.j.p.h.s.h.LazyLayeredConnectionSocketFactory: Setting up HTTPS TrustAll Socket Factory
2022-12-22 22:55:59,130 INFO o.a.j.t.JMeterThread: Thread started: NormalTest 1-4
2022-12-22 22:55:59,132 INFO o.a.j.p.h.s.HTTPHC4Impl: Content-Header is set already on the request! Will be replaced by a Multipart-Header. Old headers: [Content-Type: application/json]
2022-12-22 22:55:59,132 INFO o.a.j.u.JsseSSLManager: Using default SSL protocol: TLS
2022-12-22 22:55:59,132 INFO o.a.j.u.JsseSSLManager: SSL session context: per-thread
2022-12-22 22:55:59,225 INFO o.a.j.t.JMeterThread: Thread started: NormalTest 1-5
2022-12-22 22:55:59,226 INFO o.a.j.p.h.s.HTTPHC4Impl: Content-Header is set already on the request! Will be replaced by a Multipart-Header. Old headers: [Content-Type: application/json]
2022-12-22 22:55:59,330 INFO o.a.j.t.JMeterThread: Thread started: NormalTest 1-6
2022-12-22 22:55:59,331 INFO o.a.j.p.h.s.HTTPHC4Impl: Content-Header is set already on the request! Will be replaced by a Multipart-Header. Old headers: [Content-Type: application/json]
2022-12-22 22:55:59,427 INFO o.a.j.t.JMeterThread: Thread started: NormalTest 1-7
2022-12-22 22:55:59,428 INFO o.a.j.p.h.s.HTTPHC4Impl: Content-Header is set already on the request! Will be replaced by a Multipart-Header. Old headers: [Content-Type: application/json]
2022-12-22 22:55:59,527 INFO o.a.j.t.JMeterThread: Thread started: NormalTest 1-8
2022-12-22 22:55:59,528 INFO o.a.j.p.h.s.HTTPHC4Impl: Content-Header is set already on the request! Will be replaced by a Multipart-Header. Old headers: [Content-Type: application/json]
2022-12-22 22:55:59,626 INFO o.a.j.t.JMeterThread: Thread started: NormalTest 1-9
2022-12-22 22:55:59,627 INFO o.a.j.p.h.s.HTTPHC4Impl: Content-Header is set already on the request! Will be replaced by a Multipart-Header. Old headers: [Content-Type: application/json]
2022-12-22 22:55:59,639 INFO o.a.j.u.SSLManager: JmeterKeyStore Location:  type JKS
2022-12-22 22:55:59,640 INFO o.a.j.u.SSLManager: KeyStore created OK
2022-12-22 22:55:59,641 WARN o.a.j.u.SSLManager: Keystore file not found, loading empty keystore
2022-12-22 22:55:59,739 INFO o.a.j.t.JMeterThread: Thread started: NormalTest 1-10
2022-12-22 22:55:59,739 INFO o.a.j.p.h.s.HTTPHC4Impl: Content-Header is set already on the request! Will be replaced by a Multipart-Header. Old headers: [Content-Type: application/json]
2022-12-22 22:56:01,670 INFO o.a.j.p.h.s.HTTPHC4Impl: Content-Header is set already on the request! Will be replaced by a Multipart-Header. Old headers: [Content-Type: application/json]
2022-12-22 22:56:01,670 INFO o.a.j.s.FileServer: Stored: D:\KERJA\Belajar\Binar Bootcamp\praktikum\Jmeter\Final Project\teh.png
2022-12-22 22:56:01,717 INFO o.a.j.p.h.s.HTTPHC4Impl: Content-Header is set already on the request! Will be replaced by a Multipart-Header. Old headers: [Content-Type: application/json]
2022-12-22 22:56:01,781 INFO o.a.j.p.h.s.HTTPHC4Impl: Content-Header is set already on the request! Will be replaced by a Multipart-Header. Old headers: [Content-Type: application/json]
2022-12-22 22:56:01,861 INFO o.a.j.p.h.s.HTTPHC4Impl: Content-Header is set already on the request! Will be replaced by a Multipart-Header. Old headers: [Content-Type: application/json]
2022-12-22 22:56:01,941 INFO o.a.j.p.h.s.HTTPHC4Impl: Content-Header is set already on the request! Will be replaced by a Multipart-Header. Old headers: [Content-Type: application/json]
2022-12-22 22:56:02,045 INFO o.a.j.p.h.s.HTTPHC4Impl: Content-Header is set already on the request! Will be replaced by a Multipart-Header. Old headers: [Content-Type: application/json]
2022-12-22 22:56:02,125 INFO o.a.j.p.h.s.HTTPHC4Impl: Content-Header is set already on the request! Will be replaced by a Multipart-Header. Old headers: [Content-Type: application/json]
2022-12-22 22:56:02,359 INFO o.a.j.p.h.s.HTTPHC4Impl: Content-Header is set already on the request! Will be replaced by a Multipart-Header. Old headers: [Content-Type: application/json]
2022-12-22 22:56:02,359 INFO o.a.j.p.h.s.HTTPHC4Impl: Content-Header is set already on the request! Will be replaced by a Multipart-Header. Old headers: [Content-Type: application/json]
2022-12-22 22:56:02,359 INFO o.a.j.p.h.s.HTTPHC4Impl: Content-Header is set already on the request! Will be replaced by a Multipart-Header. Old headers: [Content-Type: application/json]
2022-12-22 22:56:03,846 INFO o.a.j.p.h.s.HTTPHC4Impl: Content-Header is set already on the request! Will be replaced by a Multipart-Header. Old headers: [Content-Type: application/json]
2022-12-22 22:56:03,846 INFO o.a.j.s.FileServer: Stored: D:\KERJA\Belajar\Binar Bootcamp\praktikum\Jmeter\Final Project\tapir.jpg
2022-12-22 22:56:03,862 INFO o.a.j.p.h.s.HTTPHC4Impl: Content-Header is set already on the request! Will be replaced by a Multipart-Header. Old headers: [Content-Type: application/json]
2022-12-22 22:56:03,878 INFO o.a.j.p.h.s.HTTPHC4Impl: Content-Header is set already on the request! Will be replaced by a Multipart-Header. Old headers: [Content-Type: application/json]
2022-12-22 22:56:03,893 INFO o.a.j.p.h.s.HTTPHC4Impl: Content-Header is set already on the request! Will be replaced by a Multipart-Header. Old headers: [Content-Type: application/json]
2022-12-22 22:56:03,973 INFO o.a.j.p.h.s.HTTPHC4Impl: Content-Header is set already on the request! Will be replaced by a Multipart-Header. Old headers: [Content-Type: application/json]
2022-12-22 22:56:03,973 INFO o.a.j.p.h.s.HTTPHC4Impl: Content-Header is set already on the request! Will be replaced by a Multipart-Header. Old headers: [Content-Type: application/json]
2022-12-22 22:56:04,242 INFO o.a.j.p.h.s.HTTPHC4Impl: Content-Header is set already on the request! Will be replaced by a Multipart-Header. Old headers: [Content-Type: application/json]
2022-12-22 22:56:04,242 INFO o.a.j.p.h.s.HTTPHC4Impl: Content-Header is set already on the request! Will be replaced by a Multipart-Header. Old headers: [Content-Type: application/json]
2022-12-22 22:56:04,250 INFO o.a.j.p.h.s.HTTPHC4Impl: Content-Header is set already on the request! Will be replaced by a Multipart-Header. Old headers: [Content-Type: application/json]
2022-12-22 22:56:04,250 INFO o.a.j.p.h.s.HTTPHC4Impl: Content-Header is set already on the request! Will be replaced by a Multipart-Header. Old headers: [Content-Type: application/json]
2022-12-22 22:56:04,250 INFO o.a.j.p.h.s.HTTPHC4Impl: Content-Header is set already on the request! Will be replaced by a Multipart-Header. Old headers: [Content-Type: application/json]
2022-12-22 22:56:04,266 INFO o.a.j.p.h.s.HTTPHC4Impl: Content-Header is set already on the request! Will be replaced by a Multipart-Header. Old headers: [Content-Type: application/json]
2022-12-22 22:56:04,266 INFO o.a.j.p.h.s.HTTPHC4Impl: Content-Header is set already on the request! Will be replaced by a Multipart-Header. Old headers: [Content-Type: application/json]
2022-12-22 22:56:04,266 INFO o.a.j.p.h.s.HTTPHC4Impl: Content-Header is set already on the request! Will be replaced by a Multipart-Header. Old headers: [Content-Type: application/json]
2022-12-22 22:56:04,615 INFO o.a.j.p.h.s.HTTPHC4Impl: Content-Header is set already on the request! Will be replaced by a Multipart-Header. Old headers: [Content-Type: application/json]
2022-12-22 22:56:04,615 INFO o.a.j.p.h.s.HTTPHC4Impl: Content-Header is set already on the request! Will be replaced by a Multipart-Header. Old headers: [Content-Type: application/json]
2022-12-22 22:56:04,626 INFO o.a.j.p.h.s.HTTPHC4Impl: Content-Header is set already on the request! Will be replaced by a Multipart-Header. Old headers: [Content-Type: application/json]
2022-12-22 22:56:04,626 INFO o.a.j.p.h.s.HTTPHC4Impl: Content-Header is set already on the request! Will be replaced by a Multipart-Header. Old headers: [Content-Type: application/json]
2022-12-22 22:56:04,626 INFO o.a.j.p.h.s.HTTPHC4Impl: Content-Header is set already on the request! Will be replaced by a Multipart-Header. Old headers: [Content-Type: application/json]
2022-12-22 22:56:04,626 INFO o.a.j.p.h.s.HTTPHC4Impl: Content-Header is set already on the request! Will be replaced by a Multipart-Header. Old headers: [Content-Type: application/json]
2022-12-22 22:56:08,928 INFO o.a.j.t.JMeterThread: Thread is done: NormalTest 1-2
2022-12-22 22:56:08,928 INFO o.a.j.t.JMeterThread: Thread finished: NormalTest 1-2
2022-12-22 22:56:09,026 INFO o.a.j.t.JMeterThread: Thread is done: NormalTest 1-3
2022-12-22 22:56:09,026 INFO o.a.j.t.JMeterThread: Thread finished: NormalTest 1-3
2022-12-22 22:56:09,317 INFO o.a.j.t.JMeterThread: Thread is done: NormalTest 1-6
2022-12-22 22:56:09,317 INFO o.a.j.t.JMeterThread: Thread is done: NormalTest 1-1
2022-12-22 22:56:09,317 INFO o.a.j.t.JMeterThread: Thread is done: NormalTest 1-4
2022-12-22 22:56:09,317 INFO o.a.j.t.JMeterThread: Thread finished: NormalTest 1-6
2022-12-22 22:56:09,317 INFO o.a.j.t.JMeterThread: Thread finished: NormalTest 1-4
2022-12-22 22:56:09,317 INFO o.a.j.t.JMeterThread: Thread finished: NormalTest 1-1
2022-12-22 22:56:09,327 INFO o.a.j.t.JMeterThread: Thread is done: NormalTest 1-5
2022-12-22 22:56:09,327 INFO o.a.j.t.JMeterThread: Thread finished: NormalTest 1-5
2022-12-22 22:56:09,333 INFO o.a.j.t.JMeterThread: Thread is done: NormalTest 1-8
2022-12-22 22:56:09,333 INFO o.a.j.t.JMeterThread: Thread finished: NormalTest 1-8
2022-12-22 22:56:09,412 INFO o.a.j.t.JMeterThread: Thread is done: NormalTest 1-7
2022-12-22 22:56:09,412 INFO o.a.j.t.JMeterThread: Thread finished: NormalTest 1-7
2022-12-22 22:56:10,061 INFO o.a.j.t.JMeterThread: Thread is done: NormalTest 1-10
2022-12-22 22:56:10,061 INFO o.a.j.t.JMeterThread: Thread finished: NormalTest 1-10
2022-12-22 22:56:10,156 INFO o.a.j.t.JMeterThread: Thread is done: NormalTest 1-9
2022-12-22 22:56:10,156 INFO o.a.j.t.JMeterThread: Thread finished: NormalTest 1-9
2022-12-22 22:56:10,156 INFO o.a.j.e.StandardJMeterEngine: Notifying test listeners of end of test
2022-12-22 22:56:10,156 INFO o.a.j.g.u.JMeterMenuBar: setRunning(false, *local*)
dsGraphConsumer#stopProducing(): activeThreadsOverTime produced 0 samples
2022-12-22 22:53:52,348 INFO o.a.j.r.p.AbstractSampleConsumer: class org.apache.jmeter.report.processor.graph.impl.TimeVSThreadGraphConsumer#stopProducing(): timeVsThreads produced 0 samples
2022-12-22 22:53:52,348 INFO o.a.j.r.p.AbstractSampleConsumer: class org.apache.jmeter.report.processor.graph.impl.ResponseTimeDistributionGraphConsumer#stopProducing(): responseTimeDistribution produced 0 samples
2022-12-22 22:53:52,348 INFO o.a.j.r.p.AbstractSampleConsumer: class org.apache.jmeter.report.processor.graph.impl.TransactionsPerSecondGraphConsumer#stopProducing(): transactionsPerSecond produced 0 samples
2022-12-22 22:53:52,348 INFO o.a.j.r.p.AbstractSampleConsumer: class org.apache.jmeter.report.processor.graph.impl.ResponseTimePercentilesGraphConsumer#stopProducing(): responseTimePercentiles produced 0 samples
2022-12-22 22:53:52,356 INFO o.a.j.r.p.AbstractSampleConsumer: class org.apache.jmeter.report.processor.graph.impl.ResponseTimePercentilesOverTimeGraphConsumer#stopProducing(): responseTimePercentilesOverTime produced 0 samples
2022-12-22 22:53:52,356 INFO o.a.j.r.p.AbstractSampleConsumer: class org.apache.jmeter.report.processor.graph.impl.ResponseTimeOverTimeGraphConsumer#stopProducing(): responseTimesOverTime produced 0 samples
2022-12-22 22:53:52,356 INFO o.a.j.r.p.AbstractSampleConsumer: class org.apache.jmeter.report.processor.graph.impl.ConnectTimeOverTimeGraphConsumer#stopProducing(): connectTimeOverTime produced 0 samples
2022-12-22 22:53:52,356 INFO o.a.j.r.p.AbstractSampleConsumer: class org.apache.jmeter.report.processor.graph.impl.LatencyOverTimeGraphConsumer#stopProducing(): latenciesOverTime produced 0 samples
2022-12-22 22:53:52,356 INFO o.a.j.r.p.AbstractSampleConsumer: class org.apache.jmeter.report.processor.FilterConsumer#stopProducing(): nameFilter produced 450 samples
2022-12-22 22:53:52,356 INFO o.a.j.r.p.AbstractSampleConsumer: class org.apache.jmeter.report.processor.FilterConsumer#stopProducing(): dateRangeFilter produced 90 samples
2022-12-22 22:53:52,356 INFO o.a.j.r.p.AbstractSampleConsumer: class org.apache.jmeter.report.processor.NormalizerSampleConsumer#stopProducing(): normalizer produced 30 samples
2022-12-22 22:53:52,356 INFO o.a.j.r.p.CsvFileSampleSource: produce(): 30 samples produced in 96ms on channel 0
2022-12-22 22:53:52,356 INFO o.a.j.r.d.ReportGenerator: Exporting data using exporter:'json' of className:'org.apache.jmeter.report.dashboard.JsonExporter'
2022-12-22 22:53:52,468 INFO o.a.j.r.d.JsonExporter: Found data for consumer statisticsSummary in context
2022-12-22 22:53:52,468 INFO o.a.j.r.d.JsonExporter: Creating statistics for overall
2022-12-22 22:53:52,468 INFO o.a.j.r.d.JsonExporter: Creating statistics for other transactions
2022-12-22 22:53:52,470 INFO o.a.j.r.d.JsonExporter: Checking output folder
2022-12-22 22:53:52,470 INFO o.a.j.r.d.JsonExporter: Writing statistics JSON to D:\KERJA\Belajar\Binar Bootcamp\praktikum\Jmeter\Final-Project-jmeter\report\statistics.json
2022-12-22 22:53:52,500 INFO o.a.j.r.d.ReportGenerator: Exporting data using exporter:'html' of className:'org.apache.jmeter.report.dashboard.HtmlTemplateExporter'
2022-12-22 22:53:52,508 INFO o.a.j.r.d.HtmlTemplateExporter: Will generate dashboard in folder: D:\KERJA\Belajar\Binar Bootcamp\praktikum\Jmeter\Final-Project-jmeter\report
2022-12-22 22:53:52,611 INFO o.a.j.r.d.HtmlTemplateExporter: Report will be generated in: D:\KERJA\Belajar\Binar Bootcamp\praktikum\Jmeter\Final-Project-jmeter\report, creating folder structure
2022-12-22 22:53:52,626 INFO o.a.j.r.d.TemplateVisitor: Copying folder from 'D:\KERJA\Belajar\Binar Bootcamp\praktikum\Jmeter\Final-Project-jmeter\apache-jmeter-5.5\bin\report-template' to 'D:\KERJA\Belajar\Binar Bootcamp\praktikum\Jmeter\Final-Project-jmeter\report', got message: D:\KERJA\Belajar\Binar Bootcamp\praktikum\Jmeter\Final-Project-jmeter\report, found non empty folder with following content [D:\KERJA\Belajar\Binar Bootcamp\praktikum\Jmeter\Final-Project-jmeter\report\statistics.json], will be ignored
2022-12-22 22:53:53,106 INFO o.a.j.JMeter: Dashboard generated
